2023-11-02 17:15:20.500  INFO 40604 --- [main] c.t.swapCatBack.SwapCatBackApplication   : Starting SwapCatBackApplication using Java 11.0.16 on DESKTOP-BR53GKA with PID 40604 (D:\Workspace\TFG\SwapCatBack\target\classes started by Carlos in D:\Workspace\TFG\SwapCatBack)
2023-11-02 17:15:20.504  INFO 40604 --- [main] c.t.swapCatBack.SwapCatBackApplication   : No active profile set, falling back to 1 default profile: "default"
2023-11-02 17:15:21.343  INFO 40604 --- [main] .s.d.r.c.RepositoryConfigurationDelegate : Bootstrapping Spring Data JPA repositories in DEFAULT mode.
2023-11-02 17:15:21.541  INFO 40604 --- [main] .s.d.r.c.RepositoryConfigurationDelegate : Finished Spring Data repository scanning in 187 ms. Found 1 JPA repository interfaces.
2023-11-02 17:15:22.392  INFO 40604 --- [main] o.s.b.w.embedded.tomcat.TomcatWebServer  : Tomcat initialized with port(s): 8080 (http)
2023-11-02 17:15:22.404  INFO 40604 --- [main] o.apache.catalina.core.StandardService   : Starting service [Tomcat]
2023-11-02 17:15:22.405  INFO 40604 --- [main] org.apache.catalina.core.StandardEngine  : Starting Servlet engine: [Apache Tomcat/9.0.64]
2023-11-02 17:15:22.530  INFO 40604 --- [main] o.a.c.c.C.[Tomcat].[localhost].[/]       : Initializing Spring embedded WebApplicationContext
2023-11-02 17:15:22.530  INFO 40604 --- [main] w.s.c.ServletWebServerApplicationContext : Root WebApplicationContext: initialization completed in 1928 ms
2023-11-02 17:15:22.561  INFO 40604 --- [main] com.zaxxer.hikari.HikariDataSource       : HikariPool-1 - Starting...
2023-11-02 17:15:22.782  INFO 40604 --- [main] com.zaxxer.hikari.HikariDataSource       : HikariPool-1 - Start completed.
2023-11-02 17:15:22.794  INFO 40604 --- [main] o.s.b.a.h2.H2ConsoleAutoConfiguration    : H2 console available at '/h2-console'. Database available at 'jdbc:h2:mem:testdb'
2023-11-02 17:15:22.994  INFO 40604 --- [main] o.hibernate.jpa.internal.util.LogHelper  : HHH000204: Processing PersistenceUnitInfo [name: default]
2023-11-02 17:15:23.050  INFO 40604 --- [main] org.hibernate.Version                    : HHH000412: Hibernate ORM core version 5.6.9.Final
2023-11-02 17:15:23.252  INFO 40604 --- [main] o.hibernate.annotations.common.Version   : HCANN000001: Hibernate Commons Annotations {5.1.2.Final}
2023-11-02 17:15:23.382  INFO 40604 --- [main] org.hibernate.dialect.Dialect            : HHH000400: Using dialect: org.hibernate.dialect.H2Dialect
2023-11-02 17:15:24.014  INFO 40604 --- [main] o.h.e.t.j.p.i.JtaPlatformInitiator       : HHH000490: Using JtaPlatform implementation: [org.hibernate.engine.transaction.jta.platform.internal.NoJtaPlatform]
2023-11-02 17:15:24.022  INFO 40604 --- [main] j.LocalContainerEntityManagerFactoryBean : Initialized JPA EntityManagerFactory for persistence unit 'default'
2023-11-02 17:15:24.924  WARN 40604 --- [main] JpaBaseConfiguration$JpaWebConfiguration : spring.jpa.open-in-view is enabled by default. Therefore, database queries may be performed during view rendering. Explicitly configure spring.jpa.open-in-view to disable this warning
2023-11-02 17:15:25.272  INFO 40604 --- [main] o.s.b.w.embedded.tomcat.TomcatWebServer  : Tomcat started on port(s): 8080 (http) with context path ''
2023-11-02 17:15:25.275  INFO 40604 --- [main] o.s.m.s.b.SimpleBrokerMessageHandler     : Starting...
2023-11-02 17:15:25.275  INFO 40604 --- [main] o.s.m.s.b.SimpleBrokerMessageHandler     : BrokerAvailabilityEvent[available=true, SimpleBrokerMessageHandler [DefaultSubscriptionRegistry[cache[0 destination(s)], registry[0 sessions]]]]
2023-11-02 17:15:25.275  INFO 40604 --- [main] o.s.m.s.b.SimpleBrokerMessageHandler     : Started.
2023-11-02 17:15:25.282  INFO 40604 --- [main] c.t.swapCatBack.SwapCatBackApplication   : Started SwapCatBackApplication in 5.356 seconds (JVM running for 5.892)
2023-11-02 17:16:24.898  INFO 40604 --- [MessageBroker-1] o.s.w.s.c.WebSocketMessageBrokerStats    : WebSocketSession[0 current WS(0)-HttpStream(0)-HttpPoll(0), 0 total, 0 closed abnormally (0 connect failure, 0 send limit, 0 transport error)], stompSubProtocol[processed CONNECT(0)-CONNECTED(0)-DISCONNECT(0)], stompBrokerRelay[null], inboundChannel[pool size = 0, active threads = 0, queued tasks = 0, completed tasks = 0], outboundChannel[pool size = 0, active threads = 0, queued tasks = 0, completed tasks = 0], sockJsScheduler[pool size = 1, active threads = 1, queued tasks = 0, completed tasks = 0]
2023-11-02 17:22:45.168  INFO 40604 --- [SpringApplicationShutdownHook] o.s.m.s.b.SimpleBrokerMessageHandler     : Stopping...
2023-11-02 17:22:45.168  INFO 40604 --- [SpringApplicationShutdownHook] o.s.m.s.b.SimpleBrokerMessageHandler     : BrokerAvailabilityEvent[available=false, SimpleBrokerMessageHandler [DefaultSubscriptionRegistry[cache[0 destination(s)], registry[0 sessions]]]]
2023-11-02 17:22:45.168  INFO 40604 --- [SpringApplicationShutdownHook] o.s.m.s.b.SimpleBrokerMessageHandler     : Stopped.
2023-11-02 17:22:45.373  WARN 40604 --- [SpringApplicationShutdownHook] .s.c.a.CommonAnnotationBeanPostProcessor : Destroy method on bean with name 'coinCapConsumer' threw an exception: java.lang.NullPointerException
2023-11-02 17:22:45.374  INFO 40604 --- [SpringApplicationShutdownHook] j.LocalContainerEntityManagerFactoryBean : Closing JPA EntityManagerFactory for persistence unit 'default'
2023-11-02 17:22:45.377  INFO 40604 --- [SpringApplicationShutdownHook] com.zaxxer.hikari.HikariDataSource       : HikariPool-1 - Shutdown initiated...
2023-11-02 17:22:45.382  INFO 40604 --- [SpringApplicationShutdownHook] com.zaxxer.hikari.HikariDataSource       : HikariPool-1 - Shutdown completed.
2023-11-02 17:24:42.611  INFO 39244 --- [main] c.t.swapCatBack.SwapCatBackApplication   : Starting SwapCatBackApplication using Java 11.0.16 on DESKTOP-BR53GKA with PID 39244 (D:\Workspace\TFG\SwapCatBack\target\classes started by Carlos in D:\Workspace\TFG\SwapCatBack)
2023-11-02 17:24:42.615  INFO 39244 --- [main] c.t.swapCatBack.SwapCatBackApplication   : No active profile set, falling back to 1 default profile: "default"
2023-11-02 17:24:43.420  INFO 39244 --- [main] .s.d.r.c.RepositoryConfigurationDelegate : Bootstrapping Spring Data JPA repositories in DEFAULT mode.
2023-11-02 17:24:43.634  INFO 39244 --- [main] .s.d.r.c.RepositoryConfigurationDelegate : Finished Spring Data repository scanning in 201 ms. Found 1 JPA repository interfaces.
2023-11-02 17:24:44.521  INFO 39244 --- [main] o.s.b.w.embedded.tomcat.TomcatWebServer  : Tomcat initialized with port(s): 8080 (http)
2023-11-02 17:24:44.535  INFO 39244 --- [main] o.apache.catalina.core.StandardService   : Starting service [Tomcat]
2023-11-02 17:24:44.535  INFO 39244 --- [main] org.apache.catalina.core.StandardEngine  : Starting Servlet engine: [Apache Tomcat/9.0.64]
2023-11-02 17:24:44.659  INFO 39244 --- [main] o.a.c.c.C.[Tomcat].[localhost].[/]       : Initializing Spring embedded WebApplicationContext
2023-11-02 17:24:44.660  INFO 39244 --- [main] w.s.c.ServletWebServerApplicationContext : Root WebApplicationContext: initialization completed in 1960 ms
2023-11-02 17:24:44.691  INFO 39244 --- [main] com.zaxxer.hikari.HikariDataSource       : HikariPool-1 - Starting...
2023-11-02 17:24:44.914  INFO 39244 --- [main] com.zaxxer.hikari.HikariDataSource       : HikariPool-1 - Start completed.
2023-11-02 17:24:44.928  INFO 39244 --- [main] o.s.b.a.h2.H2ConsoleAutoConfiguration    : H2 console available at '/h2-console'. Database available at 'jdbc:h2:mem:testdb'
2023-11-02 17:24:45.128  INFO 39244 --- [main] o.hibernate.jpa.internal.util.LogHelper  : HHH000204: Processing PersistenceUnitInfo [name: default]
2023-11-02 17:24:45.192  INFO 39244 --- [main] org.hibernate.Version                    : HHH000412: Hibernate ORM core version 5.6.9.Final
2023-11-02 17:24:45.393  INFO 39244 --- [main] o.hibernate.annotations.common.Version   : HCANN000001: Hibernate Commons Annotations {5.1.2.Final}
2023-11-02 17:24:45.532  INFO 39244 --- [main] org.hibernate.dialect.Dialect            : HHH000400: Using dialect: org.hibernate.dialect.H2Dialect
2023-11-02 17:24:46.118  INFO 39244 --- [main] o.h.e.t.j.p.i.JtaPlatformInitiator       : HHH000490: Using JtaPlatform implementation: [org.hibernate.engine.transaction.jta.platform.internal.NoJtaPlatform]
2023-11-02 17:24:46.125  INFO 39244 --- [main] j.LocalContainerEntityManagerFactoryBean : Initialized JPA EntityManagerFactory for persistence unit 'default'
2023-11-02 17:24:47.053  WARN 39244 --- [main] JpaBaseConfiguration$JpaWebConfiguration : spring.jpa.open-in-view is enabled by default. Therefore, database queries may be performed during view rendering. Explicitly configure spring.jpa.open-in-view to disable this warning
2023-11-02 17:24:47.391  INFO 39244 --- [main] o.s.b.w.embedded.tomcat.TomcatWebServer  : Tomcat started on port(s): 8080 (http) with context path ''
2023-11-02 17:24:47.394  INFO 39244 --- [main] o.s.m.s.b.SimpleBrokerMessageHandler     : Starting...
2023-11-02 17:24:47.394  INFO 39244 --- [main] o.s.m.s.b.SimpleBrokerMessageHandler     : BrokerAvailabilityEvent[available=true, SimpleBrokerMessageHandler [DefaultSubscriptionRegistry[cache[0 destination(s)], registry[0 sessions]]]]
2023-11-02 17:24:47.395  INFO 39244 --- [main] o.s.m.s.b.SimpleBrokerMessageHandler     : Started.
2023-11-02 17:24:47.402  INFO 39244 --- [main] c.t.swapCatBack.SwapCatBackApplication   : Started SwapCatBackApplication in 5.42 seconds (JVM running for 5.951)
2023-11-02 17:24:47.421  INFO 39244 --- [main] o.s.w.s.c.WebSocketConnectionManager     : Starting WebSocketConnectionManager
2023-11-02 17:24:47.421  INFO 39244 --- [main] o.s.w.s.c.WebSocketConnectionManager     : Connecting to WebSocket at wss://ws.coincap.io/prices?assets=ALL
2023-11-02 17:24:48.146  INFO 39244 --- [SimpleAsyncTaskExecutor-1] o.s.w.s.c.WebSocketConnectionManager     : Successfully connected
